Unhandled SystemException on 2018/06/01 10:10:09 by [187.8] pid 022c8, tid 25f0
Computer= LAW110-61, Application= ManageGeneralCargoView, Schema= ManageGeneralCargoView
  SystemException: 1815 (not continuable, resumable)
* Text must contain at least one digit character
  Error item: getTextAsCurrencyDecimal
  Error object: TextBox/1000509.4 (transient)
  Caused By:
    Receiver: DeliveryorderAdd/2117.1 (transient)
    Method: Deliveryorder::check_click(166)  -- 	self.totalvalueshow.caption := (distancetxt.getTextAsCurrencyDecimal * 100).String;
  Reported By:
    Receiver: TextBox/1000509.4 (transient)
    Method: TextBox::getTextAsCurrencyDecimal  -- 'TextBoxGetTextAsCurrency' in 'jadpmap'
Unhandled SystemException on 2018/06/03 20:54:12 by [187.36] pid 01774, tid 0d20
Computer= LAW110-61, Application= ManageGeneralCargoView, Schema= ManageGeneralCargoView
  SystemException: 1815 (not continuable, resumable)
* Text must contain at least one digit character
  Error item: getTextAsCurrencyDecimal
  Error object: TextBox/509.4 (transient)
  Caused By:
    Receiver: DeliveryorderAdd/2117.1 (transient)
    Method: Deliveryorder::check_click(166)  -- 	self.totalvalueshow.caption := (distancetxt.getTextAsCurrencyDecimal * 100).String;
  Reported By:
    Receiver: TextBox/509.4 (transient)
    Method: TextBox::getTextAsCurrencyDecimal  -- 'TextBoxGetTextAsCurrency' in 'jadpmap'
Unhandled SystemException on 2018/06/03 20:54:14 by [187.36] pid 01774, tid 0d20
Computer= LAW110-61, Application= ManageGeneralCargoView, Schema= ManageGeneralCargoView
  SystemException: 1815 (not continuable, resumable)
* Text must contain at least one digit character
  Error item: getTextAsCurrencyDecimal
  Error object: TextBox/509.4 (transient)
  Caused By:
    Receiver: DeliveryorderAdd/2117.1 (transient)
    Method: Deliveryorder::check_click(166)  -- 	self.totalvalueshow.caption := (distancetxt.getTextAsCurrencyDecimal * 100).String;
  Reported By:
    Receiver: TextBox/509.4 (transient)
    Method: TextBox::getTextAsCurrencyDecimal  -- 'TextBoxGetTextAsCurrency' in 'jadpmap'
Unhandled SystemException on 2018/06/04 10:16:53 by [187.5] pid 01d30, tid 04b0
Computer= LAW110-61, Application= ManageGeneralCargo, Schema= ManageGeneralCargo
  SystemException: 1035 (not continuable, resumable)
* String too long
  Error item: destination
  Error object: Container/2062.641
  Caused By:
    Receiver: 2062.641
    Method: Object::setPropertyValue(516)  -- 'objSetPropertyValue' in 'jomsupp' @ line# 516
Unhandled SystemException on 2018/06/04 10:36:12 by [187.6] pid 01d30, tid 247c
Computer= LAW110-61, Application= ManageGeneralCargo, Schema= ManageGeneralCargo
  SystemException: 1035 (not continuable, resumable)
* String too long
  Error item: destination
  Error object: Container/2062.647
  Caused By:
    Receiver: 2062.647
    Method: Object::setPropertyValue(516)  -- 'objSetPropertyValue' in 'jomsupp' @ line# 516
Unhandled SystemException on 2018/06/04 11:12:54 by [187.30] pid 01d30, tid 29f4
Computer= LAW110-61, Application= ManageGeneralCargoView, Schema= ManageGeneralCargoView
  SystemException: 1815 (not continuable, resumable)
* Text must contain at least one digit character
  Error item: getTextAsCurrencyDecimal
  Error object: TextBox/1000509.4 (transient)
  Caused By:
    Receiver: DeliveryorderAdd/2117.1 (transient)
    Method: DeliveryorderAdd::check_click(340)  -- 		self.totalvalueshow.caption := (distancetxt.getTextAsCurrencyDecimal * 150).String;
  Reported By:
    Receiver: TextBox/1000509.4 (transient)
    Method: TextBox::getTextAsCurrencyDecimal  -- 'TextBoxGetTextAsCurrency' in 'jadpmap'
Unhandled SystemException on 2018/06/04 11:13:07 by [187.30] pid 01d30, tid 29f4
Computer= LAW110-61, Application= ManageGeneralCargoView, Schema= ManageGeneralCargoView
  SystemException: 1815 (not continuable, resumable)
* Text must contain at least one digit character
  Error item: getTextAsCurrencyDecimal
  Error object: TextBox/1000509.4 (transient)
  Caused By:
    Receiver: DeliveryorderAdd/2117.1 (transient)
    Method: DeliveryorderAdd::check_click(340)  -- 		self.totalvalueshow.caption := (distancetxt.getTextAsCurrencyDecimal * 150).String;
  Reported By:
    Receiver: TextBox/1000509.4 (transient)
    Method: TextBox::getTextAsCurrencyDecimal  -- 'TextBoxGetTextAsCurrency' in 'jadpmap'
Unhandled SystemException on 2018/06/04 11:17:57 by [187.31] pid 01d30, tid 3378
Computer= LAW110-61, Application= ManageGeneralCargoView, Schema= ManageGeneralCargoView
  SystemException: 1815 (not continuable, resumable)
* Text must contain at least one digit character
  Error item: getTextAsCurrencyDecimal
  Error object: TextBox/509.4 (transient)
  Caused By:
    Receiver: DeliveryorderAdd/2117.1 (transient)
    Method: DeliveryorderAdd::check_click(340)  -- 		self.totalvalueshow.caption := (distancetxt.getTextAsCurrencyDecimal * 150).String;
  Reported By:
    Receiver: TextBox/509.4 (transient)
    Method: TextBox::getTextAsCurrencyDecimal  -- 'TextBoxGetTextAsCurrency' in 'jadpmap'
Unhandled SystemException on 2018/06/04 11:20:14 by [187.31] pid 01d30, tid 3378
Computer= LAW110-61, Application= ManageGeneralCargoView, Schema= ManageGeneralCargoView
  SystemException: 1815 (not continuable, resumable)
* Text must contain at least one digit character
  Error item: getTextAsCurrencyDecimal
  Error object: TextBox/509.4 (transient)
  Caused By:
    Receiver: DeliveryorderAdd/2117.1 (transient)
    Method: DeliveryorderAdd::check_click(340)  -- 		self.totalvalueshow.caption := (distancetxt.getTextAsCurrencyDecimal * 150).String;
  Reported By:
    Receiver: TextBox/509.4 (transient)
    Method: TextBox::getTextAsCurrencyDecimal  -- 'TextBoxGetTextAsCurrency' in 'jadpmap'
Unhandled SystemException on 2018/06/04 11:20:30 by [187.31] pid 01d30, tid 3378
Computer= LAW110-61, Application= ManageGeneralCargoView, Schema= ManageGeneralCargoView
  SystemException: 1815 (not continuable, resumable)
* Text must contain at least one digit character
  Error item: getTextAsCurrencyDecimal
  Error object: TextBox/509.4 (transient)
  Caused By:
    Receiver: DeliveryorderAdd/2117.1 (transient)
    Method: DeliveryorderAdd::check_click(340)  -- 		self.totalvalueshow.caption := (distancetxt.getTextAsCurrencyDecimal * 150).String;
  Reported By:
    Receiver: TextBox/509.4 (transient)
    Method: TextBox::getTextAsCurrencyDecimal  -- 'TextBoxGetTextAsCurrency' in 'jadpmap'
Unhandled SystemException on 2018/06/04 11:23:10 by [187.31] pid 01d30, tid 3378
Computer= LAW110-61, Application= ManageGeneralCargoView, Schema= ManageGeneralCargoView
  SystemException: 1815 (not continuable, resumable)
* Text must contain at least one digit character
  Error item: getTextAsCurrencyDecimal
  Error object: TextBox/509.11 (transient)
  Caused By:
    Receiver: DeliveryorderAdd/2117.2 (transient)
    Method: DeliveryorderAdd::check_click(340)  -- 		self.totalvalueshow.caption := (distancetxt.getTextAsCurrencyDecimal * 150).String;
  Reported By:
    Receiver: TextBox/509.11 (transient)
    Method: TextBox::getTextAsCurrencyDecimal  -- 'TextBoxGetTextAsCurrency' in 'jadpmap'
Unhandled SystemException on 2018/06/04 11:23:15 by [187.31] pid 01d30, tid 3378
Computer= LAW110-61, Application= ManageGeneralCargoView, Schema= ManageGeneralCargoView
  SystemException: 1815 (not continuable, resumable)
* Text must contain at least one digit character
  Error item: getTextAsCurrencyDecimal
  Error object: TextBox/509.11 (transient)
  Caused By:
    Receiver: DeliveryorderAdd/2117.2 (transient)
    Method: DeliveryorderAdd::check_click(340)  -- 		self.totalvalueshow.caption := (distancetxt.getTextAsCurrencyDecimal * 150).String;
  Reported By:
    Receiver: TextBox/509.11 (transient)
    Method: TextBox::getTextAsCurrencyDecimal  -- 'TextBoxGetTextAsCurrency' in 'jadpmap'
Unhandled SystemException on 2018/06/04 11:23:20 by [187.31] pid 01d30, tid 3378
Computer= LAW110-61, Application= ManageGeneralCargoView, Schema= ManageGeneralCargoView
  SystemException: 1815 (not continuable, resumable)
* Text must contain at least one digit character
  Error item: getTextAsCurrencyDecimal
  Error object: TextBox/509.11 (transient)
  Caused By:
    Receiver: DeliveryorderAdd/2117.2 (transient)
    Method: DeliveryorderAdd::check_click(340)  -- 		self.totalvalueshow.caption := (distancetxt.getTextAsCurrencyDecimal * 150).String;
  Reported By:
    Receiver: TextBox/509.11 (transient)
    Method: TextBox::getTextAsCurrencyDecimal  -- 'TextBoxGetTextAsCurrency' in 'jadpmap'
Unhandled SystemException on 2018/06/04 11:23:38 by [187.31] pid 01d30, tid 3378
Computer= LAW110-61, Application= ManageGeneralCargoView, Schema= ManageGeneralCargoView
  SystemException: 1815 (not continuable, resumable)
* Text must contain at least one digit character
  Error item: getTextAsCurrencyDecimal
  Error object: TextBox/509.11 (transient)
  Caused By:
    Receiver: DeliveryorderAdd/2117.2 (transient)
    Method: DeliveryorderAdd::check_click(340)  -- 		self.totalvalueshow.caption := (distancetxt.getTextAsCurrencyDecimal * 150).String;
  Reported By:
    Receiver: TextBox/509.11 (transient)
    Method: TextBox::getTextAsCurrencyDecimal  -- 'TextBoxGetTextAsCurrency' in 'jadpmap'
Unhandled SystemException on 2018/06/04 11:24:26 by [187.31] pid 01d30, tid 3378
Computer= LAW110-61, Application= ManageGeneralCargoView, Schema= ManageGeneralCargoView
  SystemException: 1815 (not continuable, resumable)
* Text must contain at least one digit character
  Error item: getTextAsCurrencyDecimal
  Error object: TextBox/509.18 (transient)
  Caused By:
    Receiver: DeliveryorderAdd/2117.3 (transient)
    Method: DeliveryorderAdd::check_click(340)  -- 		self.totalvalueshow.caption := (distancetxt.getTextAsCurrencyDecimal * 150).String;
  Reported By:
    Receiver: TextBox/509.18 (transient)
    Method: TextBox::getTextAsCurrencyDecimal  -- 'TextBoxGetTextAsCurrency' in 'jadpmap'
Unhandled SystemException on 2018/06/04 11:24:42 by [187.31] pid 01d30, tid 3378
Computer= LAW110-61, Application= ManageGeneralCargoView, Schema= ManageGeneralCargoView
  SystemException: 1815 (not continuable, resumable)
* Text must contain at least one digit character
  Error item: getTextAsCurrencyDecimal
  Error object: TextBox/509.18 (transient)
  Caused By:
    Receiver: DeliveryorderAdd/2117.3 (transient)
    Method: DeliveryorderAdd::submit_click(328)  -- 		self.totalvalueshow.caption := (distancetxt.getTextAsCurrencyDecimal * 150).String;
  Reported By:
    Receiver: TextBox/509.18 (transient)
    Method: TextBox::getTextAsCurrencyDecimal  -- 'TextBoxGetTextAsCurrency' in 'jadpmap'
Unhandled SystemException on 2018/06/04 11:24:59 by [187.31] pid 01d30, tid 3378
Computer= LAW110-61, Application= ManageGeneralCargoView, Schema= ManageGeneralCargoView
  SystemException: 1815 (not continuable, resumable)
* Text must contain at least one digit character
  Error item: getTextAsCurrencyDecimal
  Error object: TextBox/509.25 (transient)
  Caused By:
    Receiver: DeliveryorderEdit/2120.1 (transient)
    Method: DeliveryorderEdit::check_click(345)  -- 		self.totalvalueshow.caption := (distancetxt.getTextAsCurrencyDecimal * 150).String;
  Reported By:
    Receiver: TextBox/509.25 (transient)
    Method: TextBox::getTextAsCurrencyDecimal  -- 'TextBoxGetTextAsCurrency' in 'jadpmap'
Unhandled SystemException on 2018/06/04 11:27:00 by [187.31] pid 01d30, tid 3378
Computer= LAW110-61, Application= ManageGeneralCargoView, Schema= ManageGeneralCargoView
  SystemException: 1815 (not continuable, resumable)
* Text must contain at least one digit character
  Error item: getTextAsCurrencyDecimal
  Error object: TextBox/509.60 (transient)
  Caused By:
    Receiver: DeliveryorderEdit/2120.6 (transient)
    Method: DeliveryorderEdit::submit_click(236)  -- self.totalvalueshow.caption := (distancetxt.getTextAsCurrencyDecimal * 150).String;
  Reported By:
    Receiver: TextBox/509.60 (transient)
    Method: TextBox::getTextAsCurrencyDecimal  -- 'TextBoxGetTextAsCurrency' in 'jadpmap'
Unhandled SystemException on 2018/06/04 11:44:57 by [187.46] pid 01d30, tid 0218
Computer= LAW110-61, Application= ManageGeneralCargoView, Schema= ManageGeneralCargoView
  SystemException: 1815 (not continuable, resumable)
* Text must contain at least one digit character
  Error item: getTextAsCurrencyDecimal
  Error object: TextBox/509.4 (transient)
  Caused By:
    Receiver: DeliveryorderAdd/2117.1 (transient)
    Method: DeliveryorderAdd::check_click(340)  -- 		self.totalvalueshow.caption := (distancetxt.getTextAsCurrencyDecimal * 150).String;
  Reported By:
    Receiver: TextBox/509.4 (transient)
    Method: TextBox::getTextAsCurrencyDecimal  -- 'TextBoxGetTextAsCurrency' in 'jadpmap'
Unhandled SystemException on 2018/06/04 12:14:45 by [187.73] pid 01d30, tid 2ebc
Computer= LAW110-61, Application= ManageGeneralCargo, Schema= ManageGeneralCargo
  SystemException: 1035 (not continuable, resumable)
* String too long
  Error item: destination
  Error object: Container/2062.759
  Caused By:
    Receiver: 2062.759
    Method: Object::setPropertyValue(516)  -- 'objSetPropertyValue' in 'jomsupp' @ line# 516
Unhandled SystemException on 2018/06/04 12:18:49 by [187.77] pid 01d30, tid 1680
Computer= LAW110-61, Application= ManageGeneralCargo, Schema= ManageGeneralCargo
  SystemException: 1035 (not continuable, resumable)
* String too long
  Error item: destination
  Error object: Container/2062.765
  Caused By:
    Receiver: 2062.765
    Method: Object::setPropertyValue(516)  -- 'objSetPropertyValue' in 'jomsupp' @ line# 516
Unhandled SystemException on 2018/06/04 12:46:10 by [187.91] pid 01d30, tid 2a74
Computer= LAW110-61, Application= ManageGeneralCargoView, Schema= ManageGeneralCargoView
  SystemException: 1815 (not continuable, resumable)
* Text must contain at least one digit character
  Error item: getTextAsCurrencyDecimal
  Error object: TextBox/509.4 (transient)
  Caused By:
    Receiver: DeliveryorderAdd/2117.1 (transient)
    Method: DeliveryorderAdd::check_click(340)  -- 		self.totalvalueshow.caption := (distancetxt.getTextAsCurrencyDecimal * 150).String;
  Reported By:
    Receiver: TextBox/509.4 (transient)
    Method: TextBox::getTextAsCurrencyDecimal  -- 'TextBoxGetTextAsCurrency' in 'jadpmap'
Unhandled SystemException on 2018/06/04 12:47:59 by [187.91] pid 01d30, tid 2a74
Computer= LAW110-61, Application= ManageGeneralCargoView, Schema= ManageGeneralCargoView
  SystemException: 1815 (not continuable, resumable)
* Text must contain at least one digit character
  Error item: getTextAsCurrencyDecimal
  Error object: TextBox/509.18 (transient)
  Caused By:
    Receiver: DeliveryorderEdit/2120.2 (transient)
    Method: DeliveryorderEdit::check_click(345)  -- 		self.totalvalueshow.caption := (distancetxt.getTextAsCurrencyDecimal * 150).String;
  Reported By:
    Receiver: TextBox/509.18 (transient)
    Method: TextBox::getTextAsCurrencyDecimal  -- 'TextBoxGetTextAsCurrency' in 'jadpmap'
Unhandled SystemException on 2018/06/04 12:48:01 by [187.91] pid 01d30, tid 2a74
Computer= LAW110-61, Application= ManageGeneralCargoView, Schema= ManageGeneralCargoView
  SystemException: 1815 (not continuable, resumable)
* Text must contain at least one digit character
  Error item: getTextAsCurrencyDecimal
  Error object: TextBox/509.18 (transient)
  Caused By:
    Receiver: DeliveryorderEdit/2120.2 (transient)
    Method: DeliveryorderEdit::submit_click(236)  -- self.totalvalueshow.caption := (distancetxt.getTextAsCurrencyDecimal * 150).String;
  Reported By:
    Receiver: TextBox/509.18 (transient)
    Method: TextBox::getTextAsCurrencyDecimal  -- 'TextBoxGetTextAsCurrency' in 'jadpmap'
Unhandled SystemException on 2018/06/04 13:19:27 by [187.129] pid 01d30, tid 30cc
Computer= LAW110-61, Application= ManageGeneralCargoView, Schema= ManageGeneralCargoView
  SystemException: 1815 (not continuable, resumable)
* Text must contain at least one digit character
  Error item: getTextAsCurrencyDecimal
  Error object: TextBox/1000509.4 (transient)
  Caused By:
    Receiver: DeliveryorderAdd/2117.1 (transient)
    Method: DeliveryorderAdd::check_click(340)  -- 		self.totalvalueshow.caption := (distancetxt.getTextAsCurrencyDecimal * 150).String;
  Reported By:
    Receiver: TextBox/1000509.4 (transient)
    Method: TextBox::getTextAsCurrencyDecimal  -- 'TextBoxGetTextAsCurrency' in 'jadpmap'
Unhandled SystemException on 2018/06/04 13:19:48 by [187.129] pid 01d30, tid 30cc
Computer= LAW110-61, Application= ManageGeneralCargoView, Schema= ManageGeneralCargoView
  SystemException: 1815 (not continuable, resumable)
* Text must contain at least one digit character
  Error item: getTextAsCurrencyDecimal
  Error object: TextBox/1000509.4 (transient)
  Caused By:
    Receiver: DeliveryorderAdd/2117.1 (transient)
    Method: DeliveryorderAdd::submit_click(328)  -- 		self.totalvalueshow.caption := (distancetxt.getTextAsCurrencyDecimal * 150).String;
  Reported By:
    Receiver: TextBox/1000509.4 (transient)
    Method: TextBox::getTextAsCurrencyDecimal  -- 'TextBoxGetTextAsCurrency' in 'jadpmap'
Unhandled SystemException on 2018/06/04 13:19:53 by [187.129] pid 01d30, tid 30cc
Computer= LAW110-61, Application= ManageGeneralCargoView, Schema= ManageGeneralCargoView
  SystemException: 1815 (not continuable, resumable)
* Text must contain at least one digit character
  Error item: getTextAsCurrencyDecimal
  Error object: TextBox/1000509.4 (transient)
  Caused By:
    Receiver: DeliveryorderAdd/2117.1 (transient)
    Method: DeliveryorderAdd::submit_click(328)  -- 		self.totalvalueshow.caption := (distancetxt.getTextAsCurrencyDecimal * 150).String;
  Reported By:
    Receiver: TextBox/1000509.4 (transient)
    Method: TextBox::getTextAsCurrencyDecimal  -- 'TextBoxGetTextAsCurrency' in 'jadpmap'
Unhandled SystemException on 2018/06/04 13:20:06 by [187.129] pid 01d30, tid 30cc
Computer= LAW110-61, Application= ManageGeneralCargoView, Schema= ManageGeneralCargoView
  SystemException: 1815 (not continuable, resumable)
* Text must contain at least one digit character
  Error item: getTextAsCurrencyDecimal
  Error object: TextBox/1000509.11 (transient)
  Caused By:
    Receiver: DeliveryorderEdit/2120.1 (transient)
    Method: DeliveryorderEdit::submit_click(236)  -- self.totalvalueshow.caption := (distancetxt.getTextAsCurrencyDecimal * 150).String;
  Reported By:
    Receiver: TextBox/1000509.11 (transient)
    Method: TextBox::getTextAsCurrencyDecimal  -- 'TextBoxGetTextAsCurrency' in 'jadpmap'
Unhandled SystemException on 2018/06/04 14:48:24 by [187.188] pid 01d30, tid 2f24
Computer= LAW110-61, Application= ManageGeneralCargo, Schema= ManageGeneralCargo
  SystemException: 1035 (not continuable, resumable)
* String too long
  Error item: brandType
  Error object: RollOnNRollOff/2127.287
  Caused By:
    Receiver: 2127.287
    Method: Object::setPropertyValue(516)  -- 'objSetPropertyValue' in 'jomsupp' @ line# 516
Unhandled JadeXMLException on 2018/06/04 15:04:27 by [187.200] pid 01d30, tid 32dc
Computer= LAW110-61, Application= ManageGeneralCargo, Schema= ManageGeneralCargo
  JadeXMLException: 8901 (not continuable, resumable)
* XML parser error
  Error item: weightLimit><yearofModel>2010</yearofModel></RollOnRollOff><
  Extended text: mismatched tag
  Caused By:
    Receiver: RollOnNRollOffParser/2116.1 (transient)
    Method: JadeXMLParser::parseString(583)  -- 'jadexpatParseString' in 'jadexpat' @ line# 583
Unhandled SystemException on 2018/06/04 16:06:08 by [187.206] pid 01d30, tid 32f0
Computer= LAW110-61, Application= ManageGeneralCargo, Schema= ManageGeneralCargo
  SystemException: 1035 (not continuable, resumable)
* String too long
  Error item: destination
  Error object: Container/2062.813
  Caused By:
    Receiver: 2062.813
    Method: Object::setPropertyValue(516)  -- 'objSetPropertyValue' in 'jomsupp' @ line# 516
Unhandled JadeXMLException on 2018/06/04 16:23:59 by [187.207] pid 01d30, tid 218c
Computer= LAW110-61, Application= ManageGeneralCargo, Schema= ManageGeneralCargo
  JadeXMLException: 8901 (not continuable, resumable)
* XML parser error
  Error item: weightLimit><yearofModel>2010</yearofModel></RollOnRollOff><
  Extended text: mismatched tag
  Caused By:
    Receiver: RollOnNRollOffParser/2116.1 (transient)
    Method: JadeXMLParser::parseString(583)  -- 'jadexpatParseString' in 'jadexpat' @ line# 583
Unhandled SystemException on 2018/06/04 17:03:50 by [187.210] pid 01d30, tid 0a2c
Computer= LAW110-61, Application= ManageGeneralCargoView, Schema= ManageGeneralCargoView
  SystemException: 1815 (not continuable, resumable)
* Text must contain at least one digit character
  Error item: getTextAsCurrencyDecimal
  Error object: TextBox/509.4 (transient)
  Caused By:
    Receiver: DeliveryorderAdd/2117.1 (transient)
    Method: DeliveryorderAdd::check_click(340)  -- 		self.totalvalueshow.caption := (distancetxt.getTextAsCurrencyDecimal * 150).String;
  Reported By:
    Receiver: TextBox/509.4 (transient)
    Method: TextBox::getTextAsCurrencyDecimal  -- 'TextBoxGetTextAsCurrency' in 'jadpmap'
Unhandled SystemException on 2018/06/04 17:04:47 by [187.210] pid 01d30, tid 0a2c
Computer= LAW110-61, Application= ManageGeneralCargoView, Schema= ManageGeneralCargoView
  SystemException: 1815 (not continuable, resumable)
* Text must contain at least one digit character
  Error item: getTextAsCurrencyDecimal
  Error object: TextBox/509.4 (transient)
  Caused By:
    Receiver: DeliveryorderAdd/2117.1 (transient)
    Method: DeliveryorderAdd::check_click(342)  -- 		self.totalvalueshow.caption := (distancetxt.getTextAsCurrencyDecimal * 150).String;
  Reported By:
    Receiver: TextBox/509.4 (transient)
    Method: TextBox::getTextAsCurrencyDecimal  -- 'TextBoxGetTextAsCurrency' in 'jadpmap'
Unhandled SystemException on 2018/06/04 17:04:55 by [187.210] pid 01d30, tid 0a2c
Computer= LAW110-61, Application= ManageGeneralCargoView, Schema= ManageGeneralCargoView
  SystemException: 1815 (not continuable, resumable)
* Text must contain at least one digit character
  Error item: getTextAsCurrencyDecimal
  Error object: TextBox/509.4 (transient)
  Caused By:
    Receiver: DeliveryorderAdd/2117.1 (transient)
    Method: DeliveryorderAdd::check_click(342)  -- 		self.totalvalueshow.caption := (distancetxt.getTextAsCurrencyDecimal * 150).String;
  Reported By:
    Receiver: TextBox/509.4 (transient)
    Method: TextBox::getTextAsCurrencyDecimal  -- 'TextBoxGetTextAsCurrency' in 'jadpmap'
Unhandled SystemException on 2018/06/04 17:08:35 by [187.210] pid 01d30, tid 0a2c
Computer= LAW110-61, Application= ManageGeneralCargoView, Schema= ManageGeneralCargoView
  SystemException: 1815 (not continuable, resumable)
* Text must contain at least one digit character
  Error item: getTextAsCurrencyDecimal
  Error object: TextBox/509.18 (transient)
  Caused By:
    Receiver: DeliveryorderAdd/2117.3 (transient)
    Method: DeliveryorderAdd::check_click(340)  -- 		self.totalvalueshow.caption := (distancetxt.getTextAsCurrencyDecimal * 150).String;
  Reported By:
    Receiver: TextBox/509.18 (transient)
    Method: TextBox::getTextAsCurrencyDecimal  -- 'TextBoxGetTextAsCurrency' in 'jadpmap'
Unhandled SystemException on 2018/06/04 17:08:38 by [187.210] pid 01d30, tid 0a2c
Computer= LAW110-61, Application= ManageGeneralCargoView, Schema= ManageGeneralCargoView
  SystemException: 1815 (not continuable, resumable)
* Text must contain at least one digit character
  Error item: getTextAsCurrencyDecimal
  Error object: TextBox/509.18 (transient)
  Caused By:
    Receiver: DeliveryorderAdd/2117.3 (transient)
    Method: DeliveryorderAdd::check_click(340)  -- 		self.totalvalueshow.caption := (distancetxt.getTextAsCurrencyDecimal * 150).String;
  Reported By:
    Receiver: TextBox/509.18 (transient)
    Method: TextBox::getTextAsCurrencyDecimal  -- 'TextBoxGetTextAsCurrency' in 'jadpmap'
Unhandled SystemException on 2018/06/04 17:09:40 by [187.210] pid 01d30, tid 0a2c
Computer= LAW110-61, Application= ManageGeneralCargoView, Schema= ManageGeneralCargoView
  SystemException: 1815 (not continuable, resumable)
* Text must contain at least one digit character
  Error item: getTextAsCurrencyDecimal
  Error object: TextBox/509.25 (transient)
  Caused By:
    Receiver: DeliveryorderAdd/2117.4 (transient)
    Method: DeliveryorderAdd::check_click(340)  -- 		self.totalvalueshow.caption := (distancetxt.getTextAsCurrencyDecimal * 150).String;
  Reported By:
    Receiver: TextBox/509.25 (transient)
    Method: TextBox::getTextAsCurrencyDecimal  -- 'TextBoxGetTextAsCurrency' in 'jadpmap'
Unhandled SystemException on 2018/06/04 18:06:12 by [187.246] pid 01d30, tid 13e0
Computer= LAW110-61, Application= ManageGeneralCargo, Schema= ManageGeneralCargo
  SystemException: 1035 (not continuable, resumable)
* String too long
  Error item: destination
  Error object: Container/2062.819
  Caused By:
    Receiver: 2062.819
    Method: Object::setPropertyValue(516)  -- 'objSetPropertyValue' in 'jomsupp' @ line# 516
Unhandled SystemException on 2018/06/04 18:13:17 by [187.247] pid 01d30, tid 2514
Computer= LAW110-61, Application= ManageGeneralCargo, Schema= ManageGeneralCargo
  SystemException: 1035 (not continuable, resumable)
* String too long
  Error item: destination
  Error object: Container/2062.825
  Caused By:
    Receiver: 2062.825
    Method: Object::setPropertyValue(516)  -- 'objSetPropertyValue' in 'jomsupp' @ line# 516
Unhandled SystemException on 2018/06/04 18:13:28 by [187.248] pid 01d30, tid 2180
Computer= LAW110-61, Application= ManageGeneralCargo, Schema= ManageGeneralCargo
  SystemException: 1035 (not continuable, resumable)
* String too long
  Error item: destination
  Error object: Container/2062.831
  Caused By:
    Receiver: 2062.831
    Method: Object::setPropertyValue(516)  -- 'objSetPropertyValue' in 'jomsupp' @ line# 516
Unhandled SystemException on 2018/06/04 18:17:14 by [187.252] pid 01d30, tid 0750
Computer= LAW110-61, Application= ManageGeneralCargo, Schema= ManageGeneralCargo
  SystemException: 1035 (not continuable, resumable)
* String too long
  Error item: destination
  Error object: Container/2062.837
  Caused By:
    Receiver: 2062.837
    Method: Object::setPropertyValue(516)  -- 'objSetPropertyValue' in 'jomsupp' @ line# 516
Unhandled SystemException on 2018/06/04 18:17:58 by [187.253] pid 01d30, tid 0bfc
Computer= LAW110-61, Application= ManageGeneralCargo, Schema= ManageGeneralCargo
  SystemException: 1035 (not continuable, resumable)
* String too long
  Error item: destination
  Error object: Container/2062.843
  Caused By:
    Receiver: 2062.843
    Method: Object::setPropertyValue(516)  -- 'objSetPropertyValue' in 'jomsupp' @ line# 516
Unhandled NormalException on 2018/06/04 18:24:36 by [187.265] pid 01d30, tid 2488
Computer= LAW110-61, Application= JadeUnitTest, Schema= TestCase
  NormalException: 1035 (not continuable, resumable)
* String too long
  Caused By:
    Receiver: 2062.963
    Method: Container::setPropsOnCreate(141)  -- 	self.destination := cDestinaton;
Unhandled NormalException on 2018/06/04 18:24:57 by [187.266] pid 01d30, tid 2ee0
Computer= LAW110-61, Application= JadeUnitTest, Schema= TestCase
  NormalException: 1035 (not continuable, resumable)
* String too long
  Caused By:
    Receiver: 2062.964
    Method: Container::setPropsOnCreate(141)  -- 	self.destination := cDestinaton;
Unhandled NormalException on 2018/06/04 18:26:20 by [187.267] pid 01d30, tid 27a8
Computer= LAW110-61, Application= JadeUnitTest, Schema= TestCase
  NormalException: 1035 (not continuable, resumable)
* String too long
  Caused By:
    Receiver: 2062.965
    Method: Container::setPropsOnCreate(141)  -- 	self.destination := cDestinaton;
Unhandled NormalException on 2018/06/04 18:26:35 by [187.268] pid 01d30, tid 21b0
Computer= LAW110-61, Application= JadeUnitTest, Schema= TestCase
  NormalException: 1035 (not continuable, resumable)
* String too long
  Caused By:
    Receiver: 2062.966
    Method: Container::setPropsOnCreate(141)  -- 	self.destination := cDestinaton;
Unhandled SystemException on 2018/06/04 19:32:02 by [187.294] pid 01d30, tid 1d54
Computer= LAW110-61, Application= ManageGeneralCargoView, Schema= ManageGeneralCargoView
  SystemException: 1815 (not continuable, resumable)
* Text must contain at least one digit character
  Error item: getTextAsCurrencyDecimal
  Error object: TextBox/1000509.8 (transient)
  Caused By:
    Receiver: DeliveryorderAdd/2117.1 (transient)
    Method: DeliveryorderAdd::check_click(340)  -- 		self.totalvalueshow.caption := (distancetxt.getTextAsCurrencyDecimal * 150).String;
  Reported By:
    Receiver: TextBox/1000509.8 (transient)
    Method: TextBox::getTextAsCurrencyDecimal  -- 'TextBoxGetTextAsCurrency' in 'jadpmap'
Unhandled SystemException on 2018/06/04 19:32:57 by [187.294] pid 01d30, tid 1d54
Computer= LAW110-61, Application= ManageGeneralCargoView, Schema= ManageGeneralCargoView
  SystemException: 1815 (not continuable, resumable)
* Text must contain at least one digit character
  Error item: getTextAsCurrencyDecimal
  Error object: TextBox/509.4 (transient)
  Caused By:
    Receiver: DeliveryorderAdd/2117.2 (transient)
    Method: DeliveryorderAdd::check_click(340)  -- 		self.totalvalueshow.caption := (distancetxt.getTextAsCurrencyDecimal * 150).String;
  Reported By:
    Receiver: TextBox/509.4 (transient)
    Method: TextBox::getTextAsCurrencyDecimal  -- 'TextBoxGetTextAsCurrency' in 'jadpmap'
Unhandled SystemException on 2018/06/04 19:35:13 by [187.295] pid 01d30, tid 19f0
Computer= LAW110-61, Application= ManageGeneralCargoView, Schema= ManageGeneralCargoView
  SystemException: 1815 (not continuable, resumable)
* Text must contain at least one digit character
  Error item: getTextAsCurrencyDecimal
  Error object: TextBox/509.11 (transient)
  Caused By:
    Receiver: DeliveryorderEdit/2120.2 (transient)
    Method: DeliveryorderEdit::submit_click(236)  -- self.totalvalueshow.caption := (distancetxt.getTextAsCurrencyDecimal * 150).String;
  Reported By:
    Receiver: TextBox/509.11 (transient)
    Method: TextBox::getTextAsCurrencyDecimal  -- 'TextBoxGetTextAsCurrency' in 'jadpmap'
Unhandled SystemException on 2018/06/04 19:38:07 by [187.302] pid 01d30, tid 2d28
Computer= LAW110-61, Application= ManageGeneralCargo, Schema= ManageGeneralCargo
  SystemException: 1035 (not continuable, resumable)
* String too long
  Error item: destination
  Error object: Container/2062.1105
  Caused By:
    Receiver: 2062.1105
    Method: Object::setPropertyValue(516)  -- 'objSetPropertyValue' in 'jomsupp' @ line# 516
Unhandled JadeXMLException on 2018/06/04 19:38:59 by [187.309] pid 01d30, tid 1cd4
Computer= LAW110-61, Application= ManageGeneralCargo, Schema= ManageGeneralCargo
  JadeXMLException: 8901 (not continuable, resumable)
* XML parser error
  Error item: weightLimit><yearofModel>2010</yearofModel></RollOnRollOff><
  Extended text: mismatched tag
  Caused By:
    Receiver: RollOnNRollOffParser/2116.1 (transient)
    Method: JadeXMLParser::parseString(583)  -- 'jadexpatParseString' in 'jadexpat' @ line# 583
Unhandled SystemException on 2018/06/04 19:39:04 by [187.310] pid 01d30, tid 22a8
Computer= LAW110-61, Application= ManageGeneralCargo, Schema= ManageGeneralCargo
  SystemException: 1035 (not continuable, resumable)
* String too long
  Error item: brandType
  Error object: RollOnNRollOff/2127.461
  Caused By:
    Receiver: 2127.461
    Method: Object::setPropertyValue(516)  -- 'objSetPropertyValue' in 'jomsupp' @ line# 516
